<?xml version="1.0" encoding="UTF-8"?>
<!-- Generated by org.testng.reporters.JUnitXMLReporter -->
<testsuite ignored="0" hostname="LAPTOP-TTJK7ADQ" failures="0" tests="7" name="Test" time="213.889" errors="0" timestamp="2022-06-02T17:01:14 PDT">
  <testcase classname="com.dsAlgo.testcases.dsAlgoHomePageTest" name="login" time="9.966"/>
  <testcase classname="com.dsAlgo.testcases.dsAlgoHomePageTest" name="skipTest" time="0.015">
    <skipped/>
  </testcase> <!-- skipTest -->
  <testcase classname="com.dsAlgo.testcases.dsAlgoHomePageTest" name="dsValidation" time="15.732"/>
  <testcase classname="com.dsAlgo.testcases.dsAlgoHomePageTest" name="arrayValidation" time="40.961"/>
  <testcase classname="com.dsAlgo.testcases.dsAlgoHomePageTest" name="linkedListValidation" time="66.465"/>
  <testcase classname="com.dsAlgo.testcases.dsAlgoHomePageTest" name="stValidation" time="32.336"/>
  <testcase classname="com.dsAlgo.testcases.dsAlgoHomePageTest" name="qValidation" time="40.849"/>
</testsuite> <!-- Test -->
