<?xml version="1.0" encoding="UTF-8"?>
<testng-results ignored="0" total="7" passed="6" failed="0" skipped="1">
  <reporter-output>
  </reporter-output>
  <suite started-at="2022-06-02T16:57:40 PDT" name="Suite" finished-at="2022-06-02T17:01:14 PDT" duration-ms="213889">
    <groups>
    </groups>
    <test started-at="2022-06-02T16:57:40 PDT" name="Test" finished-at="2022-06-02T17:01:14 PDT" duration-ms="213889">
      <class name="com.dsAlgo.testcases.dsAlgoHomePageTest">
        <test-method is-config="true" signature="setUp()[pri:0, instance:com.dsAlgo.testcases.dsAlgoHomePageTest@6b8d96d9]" started-at="2022-06-02T16:57:40 PDT" name="setUp" finished-at="2022-06-02T16:57:45 PDT" duration-ms="4736" status="PASS">
          <reporter-output>
          </reporter-output>
        </test-method> <!-- setUp -->
        <test-method signature="login(java.lang.String,java.lang.String)[pri:0, instance:com.dsAlgo.testcases.dsAlgoHomePageTest@6b8d96d9]" started-at="2022-06-02T16:57:46 PDT" name="login" data-provider="ExcelProvider1" finished-at="2022-06-02T16:57:56 PDT" duration-ms="9966" status="PASS">
          <params>
            <param index="0">
              <value>
                <![CDATA[sdet32]]>
              </value>
            </param>
            <param index="1">
              <value>
                <![CDATA[dsalgo123]]>
              </value>
            </param>
          </params>
          <reporter-output>
          </reporter-output>
        </test-method> <!-- login -->
        <test-method signature="skipTest()[pri:0, instance:com.dsAlgo.testcases.dsAlgoHomePageTest@6b8d96d9]" started-at="2022-06-02T16:57:56 PDT" name="skipTest" finished-at="2022-06-02T16:57:56 PDT" duration-ms="15" status="SKIP">
          <exception class="org.testng.SkipException">
            <message>
              <![CDATA[Skipping the test]]>
            </message>
            <full-stacktrace>
              <![CDATA[org.testng.SkipException: Skipping the test
at com.dsAlgo.testcases.dsAlgoHomePageTest.skipTest(dsAlgoHomePageTest.java:170)
at java.base/jdk.internal.reflect.NativeMethodAccessorImpl.invoke0(Native Method)
at java.base/jdk.internal.reflect.NativeMethodAccessorImpl.invoke(NativeMethodAccessorImpl.java:62)
at java.base/jdk.internal.reflect.DelegatingMethodAccessorImpl.invoke(DelegatingMethodAccessorImpl.java:43)
at java.base/java.lang.reflect.Method.invoke(Method.java:566)
at org.testng.internal.invokers.MethodInvocationHelper.invokeMethod(MethodInvocationHelper.java:135)
at org.testng.internal.invokers.TestInvoker.invokeMethod(TestInvoker.java:673)
at org.testng.internal.invokers.TestInvoker.invokeTestMethod(TestInvoker.java:220)
at org.testng.internal.invokers.MethodRunner.runInSequence(MethodRunner.java:50)
at org.testng.internal.invokers.TestInvoker$MethodInvocationAgent.invoke(TestInvoker.java:945)
at org.testng.internal.invokers.TestInvoker.invokeTestMethods(TestInvoker.java:193)
at org.testng.internal.invokers.TestMethodWorker.invokeTestMethods(TestMethodWorker.java:146)
at org.testng.internal.invokers.TestMethodWorker.run(TestMethodWorker.java:128)
at java.base/java.util.ArrayList.forEach(ArrayList.java:1541)
at org.testng.TestRunner.privateRun(TestRunner.java:808)
at org.testng.TestRunner.run(TestRunner.java:603)
at org.testng.SuiteRunner.runTest(SuiteRunner.java:429)
at org.testng.SuiteRunner.runSequentially(SuiteRunner.java:423)
at org.testng.SuiteRunner.privateRun(SuiteRunner.java:383)
at org.testng.SuiteRunner.run(SuiteRunner.java:326)
at org.testng.SuiteRunnerWorker.runSuite(SuiteRunnerWorker.java:52)
at org.testng.SuiteRunnerWorker.run(SuiteRunnerWorker.java:95)
at org.testng.TestNG.runSuitesSequentially(TestNG.java:1249)
at org.testng.TestNG.runSuitesLocally(TestNG.java:1169)
at org.testng.TestNG.runSuites(TestNG.java:1092)
at org.testng.TestNG.run(TestNG.java:1060)
at org.testng.remote.AbstractRemoteTestNG.run(AbstractRemoteTestNG.java:115)
at org.testng.remote.RemoteTestNG.initAndRun(RemoteTestNG.java:251)
at org.testng.remote.RemoteTestNG.main(RemoteTestNG.java:77)
]]>
            </full-stacktrace>
          </exception> <!-- org.testng.SkipException -->
          <reporter-output>
          </reporter-output>
        </test-method> <!-- skipTest -->
        <test-method signature="dsValidation(java.lang.String)[pri:1, instance:com.dsAlgo.testcases.dsAlgoHomePageTest@6b8d96d9]" started-at="2022-06-02T16:57:56 PDT" name="dsValidation" data-provider="ExcelProvider2" finished-at="2022-06-02T16:58:12 PDT" duration-ms="15732" status="PASS">
          <params>
            <param index="0">
              <value>
                <![CDATA[print "Hello"]]>
              </value>
            </param>
          </params>
          <reporter-output>
          </reporter-output>
        </test-method> <!-- dsValidation -->
        <test-method signature="arrayValidation(java.lang.String)[pri:2, instance:com.dsAlgo.testcases.dsAlgoHomePageTest@6b8d96d9]" started-at="2022-06-02T16:58:12 PDT" name="arrayValidation" data-provider="ExcelProvider2" finished-at="2022-06-02T16:58:53 PDT" duration-ms="40961" status="PASS">
          <params>
            <param index="0">
              <value>
                <![CDATA[print "Hello"]]>
              </value>
            </param>
          </params>
          <reporter-output>
          </reporter-output>
        </test-method> <!-- arrayValidation -->
        <test-method signature="linkedListValidation(java.lang.String)[pri:3, instance:com.dsAlgo.testcases.dsAlgoHomePageTest@6b8d96d9]" started-at="2022-06-02T16:58:53 PDT" name="linkedListValidation" data-provider="ExcelProvider2" finished-at="2022-06-02T16:59:59 PDT" duration-ms="66465" status="PASS">
          <params>
            <param index="0">
              <value>
                <![CDATA[print "Hello"]]>
              </value>
            </param>
          </params>
          <reporter-output>
          </reporter-output>
        </test-method> <!-- linkedListValidation -->
        <test-method signature="stValidation(java.lang.String)[pri:4, instance:com.dsAlgo.testcases.dsAlgoHomePageTest@6b8d96d9]" started-at="2022-06-02T16:59:59 PDT" name="stValidation" data-provider="ExcelProvider2" finished-at="2022-06-02T17:00:32 PDT" duration-ms="32336" status="PASS">
          <params>
            <param index="0">
              <value>
                <![CDATA[print "Hello"]]>
              </value>
            </param>
          </params>
          <reporter-output>
          </reporter-output>
        </test-method> <!-- stValidation -->
        <test-method signature="qValidation(java.lang.String)[pri:5, instance:com.dsAlgo.testcases.dsAlgoHomePageTest@6b8d96d9]" started-at="2022-06-02T17:00:32 PDT" name="qValidation" data-provider="ExcelProvider2" finished-at="2022-06-02T17:01:13 PDT" duration-ms="40849" status="PASS">
          <params>
            <param index="0">
              <value>
                <![CDATA[print "Hello"]]>
              </value>
            </param>
          </params>
          <reporter-output>
          </reporter-output>
        </test-method> <!-- qValidation -->
        <test-method is-config="true" signature="tearDown()[pri:0, instance:com.dsAlgo.testcases.dsAlgoHomePageTest@6b8d96d9]" started-at="2022-06-02T17:01:13 PDT" name="tearDown" finished-at="2022-06-02T17:01:14 PDT" duration-ms="1805" status="PASS">
          <reporter-output>
          </reporter-output>
        </test-method> <!-- tearDown -->
      </class> <!-- com.dsAlgo.testcases.dsAlgoHomePageTest -->
    </test> <!-- Test -->
  </suite> <!-- Suite -->
</testng-results>
